<?xml version="1.0" encoding="UTF-8"?>
<testng-results ignored="0" total="1" passed="1" failed="0" skipped="0">
  <reporter-output>
    <line>
      <![CDATA[Setting up reports and test started]]>
    </line>
    <line>
      <![CDATA[Setting Completed- Test can be started]]>
    </line>
    <line>
      <![CDATA[Trying to start browser and getting application ready]]>
    </line>
    <line>
      <![CDATA[Browser and application is up and running]]>
    </line>
    <line>
      <![CDATA[Test Completed and Reports are generated]]>
    </line>
  </reporter-output>
  <suite started-at="2021-10-20T18:32:05 IST" name="Suite" finished-at="2021-10-20T18:32:23 IST" duration-ms="18063">
    <groups>
    </groups>
    <test started-at="2021-10-20T18:32:05 IST" name="Test" finished-at="2021-10-20T18:32:23 IST" duration-ms="18063">
      <class name="com.auto.testcases.Login">
        <test-method is-config="true" signature="setUpSuite()[pri:0, instance:com.auto.testcases.Login@29215f06]" started-at="2021-10-20T18:32:04 IST" name="setUpSuite" finished-at="2021-10-20T18:32:05 IST" duration-ms="959" status="PASS">
          <reporter-output>
            <line>
              <![CDATA[Setting up reports and test started]]>
            </line>
            <line>
              <![CDATA[Setting Completed- Test can be started]]>
            </line>
          </reporter-output>
        </test-method> <!-- setUpSuite -->
        <test-method is-config="true" signature="setup()[pri:0, instance:com.auto.testcases.Login@29215f06]" started-at="2021-10-20T18:32:05 IST" name="setup" finished-at="2021-10-20T18:32:11 IST" duration-ms="5710" status="PASS">
          <reporter-output>
            <line>
              <![CDATA[Trying to start browser and getting application ready]]>
            </line>
            <line>
              <![CDATA[Browser and application is up and running]]>
            </line>
          </reporter-output>
        </test-method> <!-- setup -->
        <test-method signature="LoginApp()[pri:0, instance:com.auto.testcases.Login@29215f06]" started-at="2021-10-20T18:32:11 IST" name="LoginApp" finished-at="2021-10-20T18:32:23 IST" duration-ms="11867" status="PASS">
          <reporter-output>
          </reporter-output>
        </test-method> <!-- LoginApp -->
        <test-method is-config="true" signature="tearDowmMethod(org.testng.ITestResult)[pri:0, instance:com.auto.testcases.Login@29215f06]" started-at="2021-10-20T18:32:23 IST" name="tearDowmMethod" finished-at="2021-10-20T18:32:23 IST" duration-ms="440" status="PASS">
          <params>
            <param index="0">
              <value>
                <![CDATA[[TestResult name=LoginApp status=SUCCESS method=Login.LoginApp()[pri:0, instance:com.auto.testcases.Login@29215f06] output={null}]]]>
              </value>
            </param>
          </params>
          <reporter-output>
            <line>
              <![CDATA[Test Completed and Reports are generated]]>
            </line>
          </reporter-output>
        </test-method> <!-- tearDowmMethod -->
        <test-method is-config="true" signature="teardown()[pri:0, instance:com.auto.testcases.Login@29215f06]" started-at="2021-10-20T18:32:23 IST" name="teardown" finished-at="2021-10-20T18:32:23 IST" duration-ms="1" status="PASS">
          <reporter-output>
          </reporter-output>
        </test-method> <!-- teardown -->
      </class> <!-- com.auto.testcases.Login -->
    </test> <!-- Test -->
  </suite> <!-- Suite -->
</testng-results>
